1667657955925	geckodriver	INFO	Listening on 127.0.0.1:65291
1667657959092	mozrunner::runner	INFO	Running command: "C:\\Program Files\\Mozilla Firefox\\firefox.exe" "--marionette" "--remote-debugging-port" "65292" "-no-remote" "-profile" "C:\\Users\\19lun\\AppData\\Local\\Temp\\rust_mozprofilekkgjPX"
1667657962339	Marionette	INFO	Marionette enabled
WebDriver BiDi listening on ws://localhost:65292
console.warn: SearchSettings: "get: No settings file exists, new profile?" (new NotFoundError("Could not open the file at C:\\Users\\19lun\\AppData\\Local\\Temp\\rust_mozprofilekkgjPX\\search.json.mozlz4", (void 0)))
1667657974619	Marionette	INFO	Listening on port 65301
1667657975041	RemoteAgent	WARN	TLS certificate errors will be ignored for this session
DevTools listening on ws://localhost:65292/devtools/browser/f0f0a7cc-54e8-4a73-bda1-9616a191f6d0
1667657993052	Marionette	INFO	Stopped listening on port 65301
Marionette threw an error: TypeError: browsingContext.currentWindowGlobal is null
getMarionetteCommandsActorProxy/get/<@chrome://remote/content/marionette/actors/MarionetteCommandsParent.jsm:332:29

console.warn: TopSitesFeed: Failed to fetch data from Contile server: NetworkError when attempting to fetch resource.
1667658000803	geckodriver	INFO	Listening on 127.0.0.1:56628
1667658003879	mozrunner::runner	INFO	Running command: "C:\\Program Files\\Mozilla Firefox\\firefox.exe" "--marionette" "--remote-debugging-port" "56629" "-no-remote" "-profile" "C:\\Users\\19lun\\AppData\\Local\\Temp\\rust_mozprofilePaplqu"
1667658004439	Marionette	INFO	Marionette enabled
WebDriver BiDi listening on ws://localhost:56629
console.warn: SearchSettings: "get: No settings file exists, new profile?" (new NotFoundError("Could not open the file at C:\\Users\\19lun\\AppData\\Local\\Temp\\rust_mozprofilePaplqu\\search.json.mozlz4", (void 0)))
1667658008954	Marionette	INFO	Listening on port 56637
DevTools listening on ws://localhost:56629/devtools/browser/61792809-1f63-422f-8578-9c6953e7da81
1667658009552	RemoteAgent	WARN	TLS certificate errors will be ignored for this session
1667658014133	Marionette	INFO	Stopped listening on port 56637
Marionette threw an error: TypeError: browsingContext.currentWindowGlobal is null
getMarionetteCommandsActorProxy/get/<@chrome://remote/content/marionette/actors/MarionetteCommandsParent.jsm:332:29

console.warn: TopSitesFeed: Failed to fetch data from Contile server: NetworkError when attempting to fetch resource.
1667658024873	geckodriver	INFO	Listening on 127.0.0.1:56736
1667658027936	mozrunner::runner	INFO	Running command: "C:\\Program Files\\Mozilla Firefox\\firefox.exe" "--marionette" "--remote-debugging-port" "56737" "-no-remote" "-profile" "C:\\Users\\19lun\\AppData\\Local\\Temp\\rust_mozprofileMrHQjm"
1667658028454	Marionette	INFO	Marionette enabled
WebDriver BiDi listening on ws://localhost:56737
console.warn: SearchSettings: "get: No settings file exists, new profile?" (new NotFoundError("Could not open the file at C:\\Users\\19lun\\AppData\\Local\\Temp\\rust_mozprofileMrHQjm\\search.json.mozlz4", (void 0)))
1667658033370	Marionette	INFO	Listening on port 56747
DevTools listening on ws://localhost:56737/devtools/browser/cb20c570-a6aa-4753-b870-76519227e951
1667658033956	RemoteAgent	WARN	TLS certificate errors will be ignored for this session
1667658066228	Marionette	INFO	Stopped listening on port 56747
1667658073566	geckodriver	INFO	Listening on 127.0.0.1:57378
1667658076657	mozrunner::runner	INFO	Running command: "C:\\Program Files\\Mozilla Firefox\\firefox.exe" "--marionette" "--remote-debugging-port" "57379" "-no-remote" "-profile" "C:\\Users\\19lun\\AppData\\Local\\Temp\\rust_mozprofileXET8rt"
1667658077208	Marionette	INFO	Marionette enabled
WebDriver BiDi listening on ws://localhost:57379
console.warn: SearchSettings: "get: No settings file exists, new profile?" (new NotFoundError("Could not open the file at C:\\Users\\19lun\\AppData\\Local\\Temp\\rust_mozprofileXET8rt\\search.json.mozlz4", (void 0)))
1667658081916	Marionette	INFO	Listening on port 57388
1667658081944	RemoteAgent	WARN	TLS certificate errors will be ignored for this session
DevTools listening on ws://localhost:57379/devtools/browser/6c458a97-783d-4831-b4d2-76d823a1c008
1667658119930	Marionette	INFO	Stopped listening on port 57388

###!!! [Parent][PGPUParent] Error: RunMessage(msgname=PGPU::Msg_ShutdownVR) Channel closing: too late to send/recv, messages will be lost

1667658122252	geckodriver	INFO	Listening on 127.0.0.1:52370
1667658125342	mozrunner::runner	INFO	Running command: "C:\\Program Files\\Mozilla Firefox\\firefox.exe" "--marionette" "--remote-debugging-port" "52371" "-no-remote" "-profile" "C:\\Users\\19lun\\AppData\\Local\\Temp\\rust_mozprofileWZupqp"
1667658126045	Marionette	INFO	Marionette enabled
WebDriver BiDi listening on ws://localhost:52371
console.warn: SearchSettings: "get: No settings file exists, new profile?" (new NotFoundError("Could not open the file at C:\\Users\\19lun\\AppData\\Local\\Temp\\rust_mozprofileWZupqp\\search.json.mozlz4", (void 0)))
1667658130622	Marionette	INFO	Listening on port 52380
DevTools listening on ws://localhost:52371/devtools/browser/1504d63f-249c-4313-92b4-69cc1853a7b5
1667658131084	RemoteAgent	WARN	TLS certificate errors will be ignored for this session
console.warn: LoginRecipes: "getRecipes: falling back to a synchronous message for:" "http://suninjuly.github.io"
1667658137336	Marionette	INFO	Stopped listening on port 52380
JavaScript error: resource://gre/modules/Prompter.jsm, line 1189: NS_ERROR_NOT_AVAILABLE: prompt aborted by user
1667658180059	geckodriver	INFO	Listening on 127.0.0.1:54717
1667658183153	mozrunner::runner	INFO	Running command: "C:\\Program Files\\Mozilla Firefox\\firefox.exe" "--marionette" "--remote-debugging-port" "54718" "-no-remote" "-profile" "C:\\Users\\19lun\\AppData\\Local\\Temp\\rust_mozprofilehDr5qn"
1667658183821	Marionette	INFO	Marionette enabled
WebDriver BiDi listening on ws://localhost:54718
console.warn: SearchSettings: "get: No settings file exists, new profile?" (new NotFoundError("Could not open the file at C:\\Users\\19lun\\AppData\\Local\\Temp\\rust_mozprofilehDr5qn\\search.json.mozlz4", (void 0)))
1667658188681	Marionette	INFO	Listening on port 54728
DevTools listening on ws://localhost:54718/devtools/browser/a5b3fb7f-c9a1-4bad-a687-41a71e2cd2a9
1667658189415	RemoteAgent	WARN	TLS certificate errors will be ignored for this session
1667658222779	Marionette	INFO	Stopped listening on port 54728
JavaScript error: , line 0: NotFoundError: No such JSWindowActor 'DevToolsFrame'
1667658228448	geckodriver	INFO	Listening on 127.0.0.1:56988
1667658231524	mozrunner::runner	INFO	Running command: "C:\\Program Files\\Mozilla Firefox\\firefox.exe" "--marionette" "--remote-debugging-port" "56989" "-no-remote" "-profile" "C:\\Users\\19lun\\AppData\\Local\\Temp\\rust_mozprofileM7Jyrr"
1667658232119	Marionette	INFO	Marionette enabled
WebDriver BiDi listening on ws://localhost:56989
console.warn: SearchSettings: "get: No settings file exists, new profile?" (new NotFoundError("Could not open the file at C:\\Users\\19lun\\AppData\\Local\\Temp\\rust_mozprofileM7Jyrr\\search.json.mozlz4", (void 0)))
1667658236995	Marionette	INFO	Listening on port 56997
DevTools listening on ws://localhost:56989/devtools/browser/e2d63f87-8324-48ce-9efc-f0f31a5d0b59
1667658237689	RemoteAgent	WARN	TLS certificate errors will be ignored for this session
1667658247313	Marionette	INFO	Stopped listening on port 56997
Marionette threw an error: TypeError: browsingContext.currentWindowGlobal is null
getMarionetteCommandsActorProxy/get/<@chrome://remote/content/marionette/actors/MarionetteCommandsParent.jsm:332:29

console.warn: TopSitesFeed: Failed to fetch data from Contile server: NetworkError when attempting to fetch resource.
[Parent 11916, IPC I/O Parent] WARNING: pipe error: 232: file /builds/worker/checkouts/gecko/ipc/chromium/src/chrome/common/ipc_channel_win.cc:554
1667658306463	geckodriver	INFO	Listening on 127.0.0.1:63234
1667658309576	mozrunner::runner	INFO	Running command: "C:\\Program Files\\Mozilla Firefox\\firefox.exe" "--marionette" "--remote-debugging-port" "63235" "-no-remote" "-profile" "C:\\Users\\19lun\\AppData\\Local\\Temp\\rust_mozprofilefucMA5"
1667658310056	Marionette	INFO	Marionette enabled
WebDriver BiDi listening on ws://localhost:63235
console.warn: SearchSettings: "get: No settings file exists, new profile?" (new NotFoundError("Could not open the file at C:\\Users\\19lun\\AppData\\Local\\Temp\\rust_mozprofilefucMA5\\search.json.mozlz4", (void 0)))
1667658314845	Marionette	INFO	Listening on port 63245
DevTools listening on ws://localhost:63235/devtools/browser/fcc04fda-9424-4e72-817d-3b7c8eccf8f0
1667658315369	RemoteAgent	WARN	TLS certificate errors will be ignored for this session
console.warn: LoginRecipes: "getRecipes: falling back to a synchronous message for:" "http://suninjuly.github.io"
1667658320271	Marionette	WARN	TimedPromise timed out after 500 ms: stacktrace:
TimedPromise/<@chrome://remote/content/marionette/sync.js:235:19
TimedPromise@chrome://remote/content/marionette/sync.js:220:10
interaction.flushEventLoop@chrome://remote/content/marionette/interaction.js:431:10
webdriverClickElement@chrome://remote/content/marionette/interaction.js:179:31
1667658345079	Marionette	INFO	Stopped listening on port 63245
1667663163710	geckodriver	INFO	Listening on 127.0.0.1:57482
1667663166777	mozrunner::runner	INFO	Running command: "C:\\Program Files\\Mozilla Firefox\\firefox.exe" "--marionette" "--remote-debugging-port" "57483" "-no-remote" "-profile" "C:\\Users\\19lun\\AppData\\Local\\Temp\\rust_mozprofilejKUBQF"
1667663172810	Marionette	INFO	Marionette enabled
WebDriver BiDi listening on ws://localhost:57483
console.warn: SearchSettings: "get: No settings file exists, new profile?" (new NotFoundError("Could not open the file at C:\\Users\\19lun\\AppData\\Local\\Temp\\rust_mozprofilejKUBQF\\search.json.mozlz4", (void 0)))
1667663187208	Marionette	INFO	Listening on port 57491
DevTools listening on ws://localhost:57483/devtools/browser/97f929f7-0100-40ca-95ae-fd56c7ea60a6
1667663187931	RemoteAgent	WARN	TLS certificate errors will be ignored for this session
1667663191481	Marionette	INFO	Stopped listening on port 57491
!!! error running onStopped callback: TypeError: callback is not a function
JavaScript error: resource://gre/modules/UrlClassifierListManager.jsm, line 694: TypeError: this.tablesData[table] is undefined

###!!! [Parent][PGPUParent] Error: RunMessage(msgname=PGPU::Msg_ShutdownVR) Channel closing: too late to send/recv, messages will be lost

1667663299086	geckodriver	INFO	Listening on 127.0.0.1:59638
1667663302122	mozrunner::runner	INFO	Running command: "C:\\Program Files\\Mozilla Firefox\\firefox.exe" "--marionette" "--remote-debugging-port" "59639" "-no-remote" "-profile" "C:\\Users\\19lun\\AppData\\Local\\Temp\\rust_mozprofileB4pdOr"
1667663302698	Marionette	INFO	Marionette enabled
WebDriver BiDi listening on ws://localhost:59639
console.warn: SearchSettings: "get: No settings file exists, new profile?" (new NotFoundError("Could not open the file at C:\\Users\\19lun\\AppData\\Local\\Temp\\rust_mozprofileB4pdOr\\search.json.mozlz4", (void 0)))
1667663307662	Marionette	INFO	Listening on port 59648
DevTools listening on ws://localhost:59639/devtools/browser/90a3a734-130b-4fa2-ab01-b8ecce36b730
1667663308366	RemoteAgent	WARN	TLS certificate errors will be ignored for this session
1667663310435	Marionette	INFO	Stopped listening on port 59648
console.log: "RemoteSettingsWorker error: Error: Can't import when we've started shutting down."
JavaScript error: resource://gre/modules/JSONFile.jsm, line 186: Error: Data is not ready.
console.log: "RemoteSettingsWorker error: Error: Can't import when we've started shutting down."
console.log: "RemoteSettingsWorker error: Error: Can't import when we've started shutting down."
console.log: "RemoteSettingsWorker error: Error: Can't import when we've started shutting down."
console.log: "RemoteSettingsWorker error: Error: Can't import when we've started shutting down."
console.log: "RemoteSettingsWorker error: Error: Can't import when we've started shutting down."

###!!! [Parent][PGPUParent] Error: RunMessage(msgname=PGPU::Msg_ShutdownVR) Channel closing: too late to send/recv, messages will be lost

1667663349332	geckodriver	INFO	Listening on 127.0.0.1:61400
1667663352391	mozrunner::runner	INFO	Running command: "C:\\Program Files\\Mozilla Firefox\\firefox.exe" "--marionette" "--remote-debugging-port" "61401" "-no-remote" "-profile" "C:\\Users\\19lun\\AppData\\Local\\Temp\\rust_mozprofileK3DbEi"
1667663352951	Marionette	INFO	Marionette enabled
WebDriver BiDi listening on ws://localhost:61401
console.warn: SearchSettings: "get: No settings file exists, new profile?" (new NotFoundError("Could not open the file at C:\\Users\\19lun\\AppData\\Local\\Temp\\rust_mozprofileK3DbEi\\search.json.mozlz4", (void 0)))
1667663358390	Marionette	INFO	Listening on port 61411
DevTools listening on ws://localhost:61401/devtools/browser/aec71fad-f142-4c01-9458-fa3c0f2e16ab
1667663358977	RemoteAgent	WARN	TLS certificate errors will be ignored for this session
1667663362806	Marionette	INFO	Stopped listening on port 61411
[Parent 1568, IPC I/O Parent] WARNING: file /builds/worker/checkouts/gecko/ipc/chromium/src/base/process_util_win.cc:167
console.log: "RemoteSettingsWorker error: Error: Can't import when we've started shutting down."

###!!! [Parent][PGPUParent] Error: RunMessage(msgname=PGPU::Msg_ShutdownVR) Channel closing: too late to send/recv, messages will be lost

1667713037441	geckodriver	INFO	Listening on 127.0.0.1:58022
1667713040110	mozrunner::runner	INFO	Running command: "C:\\Program Files\\Mozilla Firefox\\firefox.exe" "--marionette" "--remote-debugging-port" "58023" "-no-remote" "-profile" "C:\\Users\\19lun\\AppData\\Local\\Temp\\rust_mozprofileRkr29Y"
1667713044314	Marionette	INFO	Marionette enabled
WebDriver BiDi listening on ws://localhost:58023
console.warn: SearchSettings: "get: No settings file exists, new profile?" (new NotFoundError("Could not open the file at C:\\Users\\19lun\\AppData\\Local\\Temp\\rust_mozprofileRkr29Y\\search.json.mozlz4", (void 0)))
1667713056837	Marionette	INFO	Listening on port 58034
1667713057184	RemoteAgent	WARN	TLS certificate errors will be ignored for this session
DevTools listening on ws://localhost:58023/devtools/browser/7db54133-812f-46bb-bfa4-41c23d094e74
1667713088564	Marionette	INFO	Stopped listening on port 58034

###!!! [Parent][PGPUParent] Error: RunMessage(msgname=PGPU::Msg_ShutdownVR) Channel closing: too late to send/recv, messages will be lost

1667713220500	geckodriver	INFO	Listening on 127.0.0.1:58269
1667713223576	mozrunner::runner	INFO	Running command: "C:\\Program Files\\Mozilla Firefox\\firefox.exe" "--marionette" "--remote-debugging-port" "58270" "-no-remote" "-profile" "C:\\Users\\19lun\\AppData\\Local\\Temp\\rust_mozprofileBsOkVH"
1667713224360	Marionette	INFO	Marionette enabled
WebDriver BiDi listening on ws://localhost:58270
console.warn: SearchSettings: "get: No settings file exists, new profile?" (new NotFoundError("Could not open the file at C:\\Users\\19lun\\AppData\\Local\\Temp\\rust_mozprofileBsOkVH\\search.json.mozlz4", (void 0)))
1667713228996	Marionette	INFO	Listening on port 58281
DevTools listening on ws://localhost:58270/devtools/browser/2ca7724e-d5d3-4b10-9487-7c38316b16d6
1667713229426	RemoteAgent	WARN	TLS certificate errors will be ignored for this session
1667713245010	Marionette	INFO	Stopped listening on port 58281
console.warn: TopSitesFeed: Failed to fetch data from Contile server: NetworkError when attempting to fetch resource.
1667713283025	geckodriver	INFO	Listening on 127.0.0.1:58585
1667713286146	mozrunner::runner	INFO	Running command: "C:\\Program Files\\Mozilla Firefox\\firefox.exe" "--marionette" "--remote-debugging-port" "58586" "-no-remote" "-profile" "C:\\Users\\19lun\\AppData\\Local\\Temp\\rust_mozprofileZEAbId"
1667713286635	Marionette	INFO	Marionette enabled
WebDriver BiDi listening on ws://localhost:58586
console.warn: SearchSettings: "get: No settings file exists, new profile?" (new NotFoundError("Could not open the file at C:\\Users\\19lun\\AppData\\Local\\Temp\\rust_mozprofileZEAbId\\search.json.mozlz4", (void 0)))
1667713291065	Marionette	INFO	Listening on port 58598
DevTools listening on ws://localhost:58586/devtools/browser/061e2329-e138-4e62-ad69-4259ff776502
1667713291862	RemoteAgent	WARN	TLS certificate errors will be ignored for this session
1667713324056	Marionette	INFO	Stopped listening on port 58598
1667713371367	geckodriver	INFO	Listening on 127.0.0.1:59128
1667713374446	mozrunner::runner	INFO	Running command: "C:\\Program Files\\Mozilla Firefox\\firefox.exe" "--marionette" "--remote-debugging-port" "59129" "-no-remote" "-profile" "C:\\Users\\19lun\\AppData\\Local\\Temp\\rust_mozprofileSpXhHH"
1667713375042	Marionette	INFO	Marionette enabled
WebDriver BiDi listening on ws://localhost:59129
console.warn: SearchSettings: "get: No settings file exists, new profile?" (new NotFoundError("Could not open the file at C:\\Users\\19lun\\AppData\\Local\\Temp\\rust_mozprofileSpXhHH\\search.json.mozlz4", (void 0)))
1667713379743	Marionette	INFO	Listening on port 59138
1667713379784	RemoteAgent	WARN	TLS certificate errors will be ignored for this session
DevTools listening on ws://localhost:59129/devtools/browser/072b8e38-e802-4c54-a360-9311274d7819
1667713385802	Marionette	INFO	Stopped listening on port 59138
console.warn: TopSitesFeed: Failed to fetch data from Contile server: NetworkError when attempting to fetch resource.
1667713413109	geckodriver	INFO	Listening on 127.0.0.1:59266
1667713416196	mozrunner::runner	INFO	Running command: "C:\\Program Files\\Mozilla Firefox\\firefox.exe" "--marionette" "--remote-debugging-port" "59267" "-no-remote" "-profile" "C:\\Users\\19lun\\AppData\\Local\\Temp\\rust_mozprofile8RGJGb"
1667713416682	Marionette	INFO	Marionette enabled
WebDriver BiDi listening on ws://localhost:59267
console.warn: SearchSettings: "get: No settings file exists, new profile?" (new NotFoundError("Could not open the file at C:\\Users\\19lun\\AppData\\Local\\Temp\\rust_mozprofile8RGJGb\\search.json.mozlz4", (void 0)))
1667713421069	Marionette	INFO	Listening on port 59275
DevTools listening on ws://localhost:59267/devtools/browser/d6b3ce57-a615-4045-afcf-fb36fc6bcfd1
1667713421564	RemoteAgent	WARN	TLS certificate errors will be ignored for this session
1667713453441	Marionette	INFO	Stopped listening on port 59275
1667716377741	geckodriver	INFO	Listening on 127.0.0.1:61353
1667716381201	mozrunner::runner	INFO	Running command: "C:\\Program Files\\Mozilla Firefox\\firefox.exe" "--marionette" "--remote-debugging-port" "61354" "-no-remote" "-profile" "C:\\Users\\19lun\\AppData\\Local\\Temp\\rust_mozprofile8ReOcR"
1667716385396	Marionette	INFO	Marionette enabled
WebDriver BiDi listening on ws://localhost:61354
console.warn: SearchSettings: "get: No settings file exists, new profile?" (new NotFoundError("Could not open the file at C:\\Users\\19lun\\AppData\\Local\\Temp\\rust_mozprofile8ReOcR\\search.json.mozlz4", (void 0)))
1667716397410	Marionette	INFO	Listening on port 61364
DevTools listening on ws://localhost:61354/devtools/browser/946d204f-6a42-4b77-a2a8-3229925776b1
1667716397857	RemoteAgent	WARN	TLS certificate errors will be ignored for this session
1667716429793	Marionette	INFO	Stopped listening on port 61364
[Parent 6408, IPC I/O Parent] WARNING: file /builds/worker/checkouts/gecko/ipc/chromium/src/base/process_util_win.cc:167
1667716503420	geckodriver	INFO	Listening on 127.0.0.1:61543
1667716506516	mozrunner::runner	INFO	Running command: "C:\\Program Files\\Mozilla Firefox\\firefox.exe" "--marionette" "--remote-debugging-port" "61544" "-no-remote" "-profile" "C:\\Users\\19lun\\AppData\\Local\\Temp\\rust_mozprofileFnj0sI"
1667716507282	Marionette	INFO	Marionette enabled
WebDriver BiDi listening on ws://localhost:61544
console.warn: SearchSettings: "get: No settings file exists, new profile?" (new NotFoundError("Could not open the file at C:\\Users\\19lun\\AppData\\Local\\Temp\\rust_mozprofileFnj0sI\\search.json.mozlz4", (void 0)))
1667716511665	Marionette	INFO	Listening on port 61554
DevTools listening on ws://localhost:61544/devtools/browser/b298a350-c588-4e20-94b2-fa5e45a955c7
1667716512159	RemoteAgent	WARN	TLS certificate errors will be ignored for this session
console.warn: LoginRecipes: "getRecipes: falling back to a synchronous message for:" "http://suninjuly.github.io"
1667716516607	Marionette	WARN	TimedPromise timed out after 500 ms: stacktrace:
TimedPromise/<@chrome://remote/content/marionette/sync.js:235:19
TimedPromise@chrome://remote/content/marionette/sync.js:220:10
interaction.flushEventLoop@chrome://remote/content/marionette/interaction.js:431:10
webdriverClickElement@chrome://remote/content/marionette/interaction.js:179:31
1667716516889	Marionette	INFO	Stopped listening on port 61554

###!!! [Parent][PGPUParent] Error: RunMessage(msgname=PGPU::Msg_ShutdownVR) Channel closing: too late to send/recv, messages will be lost

